<?xml version="1.0" encoding="UTF-8"?>
<testng-results ignored="0" total="1" passed="1" failed="0" skipped="0">
  <reporter-output>
  </reporter-output>
  <suite started-at="2020-01-18T18:55:41 CST" name="Default suite" finished-at="2020-01-18T18:55:47 CST" duration-ms="6031">
    <groups>
    </groups>
    <test started-at="2020-01-18T18:55:41 CST" name="Default test" finished-at="2020-01-18T18:55:47 CST" duration-ms="6031">
      <class name="introToSelenium.IntroToTestNG">
        <test-method is-config="true" signature="setUp()[pri:0, instance:introToSelenium.IntroToTestNG@3c153a1]" started-at="2020-01-18T18:55:41 CST" name="setUp" finished-at="2020-01-18T18:55:45 CST" duration-ms="4343" status="PASS">
          <reporter-output>
          </reporter-output>
        </test-method> <!-- setUp -->
        <test-method signature="testCase1()[pri:0, instance:introToSelenium.IntroToTestNG@3c153a1]" started-at="2020-01-18T18:55:45 CST" name="testCase1" finished-at="2020-01-18T18:55:47 CST" duration-ms="1654" status="PASS">
          <reporter-output>
          </reporter-output>
        </test-method> <!-- testCase1 -->
        <test-method is-config="true" signature="tearDown()[pri:0, instance:introToSelenium.IntroToTestNG@3c153a1]" started-at="2020-01-18T18:55:47 CST" name="tearDown" finished-at="2020-01-18T18:55:47 CST" duration-ms="1" status="PASS">
          <reporter-output>
          </reporter-output>
        </test-method> <!-- tearDown -->
      </class> <!-- introToSelenium.IntroToTestNG -->
    </test> <!-- Default test -->
  </suite> <!-- Default suite -->
</testng-results>
