<?xml version="1.0" encoding="UTF-8"?>
<testng-results ignored="0" total="1" passed="1" failed="0" skipped="0">
  <reporter-output>
  </reporter-output>
  <suite started-at="2020-01-25T21:27:17 CST" name="Default suite" finished-at="2020-01-25T21:27:23 CST" duration-ms="6038">
    <groups>
    </groups>
    <test started-at="2020-01-25T21:27:17 CST" name="Default test" finished-at="2020-01-25T21:27:23 CST" duration-ms="6038">
      <class name="introToSelenium.ElementLocators">
        <test-method is-config="true" signature="beforeClass()[pri:0, instance:introToSelenium.ElementLocators@37e547da]" started-at="2020-01-25T21:27:17 CST" name="beforeClass" finished-at="2020-01-25T21:27:21 CST" duration-ms="3936" status="PASS">
          <reporter-output>
          </reporter-output>
        </test-method> <!-- beforeClass -->
        <test-method is-config="true" signature="beforeMethod()[pri:0, instance:introToSelenium.ElementLocators@37e547da]" started-at="2020-01-25T21:27:21 CST" name="beforeMethod" finished-at="2020-01-25T21:27:21 CST" duration-ms="0" status="PASS">
          <reporter-output>
          </reporter-output>
        </test-method> <!-- beforeMethod -->
        <test-method signature="test1()[pri:0, instance:introToSelenium.ElementLocators@37e547da]" started-at="2020-01-25T21:27:21 CST" name="test1" finished-at="2020-01-25T21:27:23 CST" duration-ms="2063" status="PASS">
          <reporter-output>
          </reporter-output>
        </test-method> <!-- test1 -->
        <test-method is-config="true" signature="afterMethod()[pri:0, instance:introToSelenium.ElementLocators@37e547da]" started-at="2020-01-25T21:27:23 CST" name="afterMethod" finished-at="2020-01-25T21:27:23 CST" duration-ms="0" status="PASS">
          <reporter-output>
          </reporter-output>
        </test-method> <!-- afterMethod -->
        <test-method is-config="true" signature="afterClass()[pri:0, instance:introToSelenium.ElementLocators@37e547da]" started-at="2020-01-25T21:27:23 CST" name="afterClass" finished-at="2020-01-25T21:27:23 CST" duration-ms="1" status="PASS">
          <reporter-output>
          </reporter-output>
        </test-method> <!-- afterClass -->
      </class> <!-- introToSelenium.ElementLocators -->
    </test> <!-- Default test -->
  </suite> <!-- Default suite -->
</testng-results>
